2025-04-23 09:07:32,824 - PristonBot - INFO - Logging initialized
2025-04-23 09:07:32,824 - PristonBot - INFO - Starting Priston Tale Potion Bot application
2025-04-23 09:07:32,877 - PristonBot - INFO - Icon file not found
2025-04-23 09:07:32,877 - PristonBot - INFO - Initializing Priston Tale Potion Bot
2025-04-23 09:07:32,883 - PristonBot - INFO - Initialized Health bar selector
2025-04-23 09:07:32,883 - PristonBot - INFO - Initialized Mana bar selector
2025-04-23 09:07:32,884 - PristonBot - INFO - Initialized Stamina bar selector
2025-04-23 09:07:32,896 - PristonBot - INFO - Bot GUI initialized successfully
2025-04-23 09:07:32,901 - PristonBot - INFO - Please select the Health, Mana, and Stamina bars to continue
2025-04-23 09:07:32,901 - PristonBot - INFO - Bot GUI initialized
2025-04-23 09:07:32,901 - PristonBot - INFO - Application started successfully
2025-04-23 09:07:32,904 - PristonBot - INFO - Step 1: Select your Health, Mana, and Stamina bars
2025-04-23 09:07:32,905 - PristonBot - INFO - Step 2: Configure thresholds and keys
2025-04-23 09:07:32,906 - PristonBot - INFO - Step 3: Click Start Bot to begin monitoring
2025-04-23 09:07:51,008 - PristonBot - ERROR - Unhandled exception
Traceback (most recent call last):
  File "C:\repositories\microsoft\system.py", line 143, in <module>
    main()
  File "C:\repositories\microsoft\system.py", line 129, in main
    root.mainloop()
  File "C:\Users\Joaop\AppData\Local\Programs\Python\Python312\Lib\tkinter\__init__.py", line 1505, in mainloop
    self.tk.mainloop(n)
  File "C:\Users\Joaop\AppData\Local\Programs\Python\Python312\Lib\tkinter\__init__.py", line 1963, in __call__
    def __call__(self, *args):
    
KeyboardInterrupt
