2025-04-23 09:08:47,613 - PristonBot - INFO - Logging initialized
2025-04-23 09:08:47,613 - PristonBot - INFO - Starting Priston Tale Potion Bot application
2025-04-23 09:08:47,666 - PristonBot - INFO - Icon file not found
2025-04-23 09:08:47,667 - PristonBot - INFO - Initializing Priston Tale Potion Bot
2025-04-23 09:08:47,671 - PristonBot - INFO - Initialized Health bar selector
2025-04-23 09:08:47,671 - PristonBot - INFO - Initialized Mana bar selector
2025-04-23 09:08:47,673 - PristonBot - INFO - Initialized Stamina bar selector
2025-04-23 09:08:47,693 - PristonBot - INFO - Bot GUI initialized successfully
2025-04-23 09:08:47,698 - PristonBot - INFO - Please select the Health, Mana, and Stamina bars to continue
2025-04-23 09:08:47,698 - PristonBot - INFO - Bot GUI initialized
2025-04-23 09:08:47,700 - PristonBot - INFO - Application started successfully
2025-04-23 09:08:47,701 - PristonBot - INFO - Step 1: Select your Health, Mana, and Stamina bars
2025-04-23 09:08:47,703 - PristonBot - INFO - Step 2: Configure thresholds and keys
2025-04-23 09:08:47,704 - PristonBot - INFO - Step 3: Click Start Bot to begin monitoring
2025-04-23 09:08:52,635 - PristonBot - INFO - Starting Health bar selection
2025-04-23 09:08:52,636 - PristonBot - DEBUG - Taking screenshot for selection
2025-04-23 09:08:54,389 - PristonBot - DEBUG - Started Health bar selection at (481, 763)
2025-04-23 09:08:56,997 - PristonBot - DEBUG - Completed Health bar selection to (499, 863)
2025-04-23 09:08:57,079 - PristonBot - DEBUG - Captured preview image for Health bar: 18x100
2025-04-23 09:08:59,017 - PristonBot - INFO - Health bar selection confirmed: (481, 763) to (499, 863)
2025-04-23 09:08:59,758 - PristonBot - INFO - Starting Mana bar selection
2025-04-23 09:08:59,758 - PristonBot - DEBUG - Taking screenshot for selection
2025-04-23 09:08:59,917 - PristonBot - INFO - Health bar at screen coords: (481,763) to (499,863)
2025-04-23 09:09:00,918 - PristonBot - INFO - Health bar at screen coords: (481,763) to (499,863)
2025-04-23 09:09:00,923 - PristonBot - INFO - Health bar at screen coords: (481,763) to (499,863)
2025-04-23 09:09:01,929 - PristonBot - INFO - Health bar at screen coords: (481,763) to (499,863)
2025-04-23 09:09:02,932 - PristonBot - INFO - Health bar at screen coords: (481,763) to (499,863)
2025-04-23 09:09:03,938 - PristonBot - INFO - Health bar at screen coords: (481,763) to (499,863)
2025-04-23 09:09:04,485 - PristonBot - DEBUG - Started Mana bar selection at (629, 765)
2025-04-23 09:09:04,942 - PristonBot - INFO - Health bar at screen coords: (481,763) to (499,863)
2025-04-23 09:09:05,946 - PristonBot - INFO - Health bar at screen coords: (481,763) to (499,863)
2025-04-23 09:09:06,625 - PristonBot - DEBUG - Completed Mana bar selection to (647, 867)
2025-04-23 09:09:06,703 - PristonBot - DEBUG - Captured preview image for Mana bar: 18x102
2025-04-23 09:09:06,950 - PristonBot - INFO - Health bar at screen coords: (481,763) to (499,863)
2025-04-23 09:09:07,958 - PristonBot - INFO - Health bar at screen coords: (481,763) to (499,863)
2025-04-23 09:09:08,148 - PristonBot - INFO - Mana bar selection confirmed: (629, 765) to (647, 867)
2025-04-23 09:09:08,969 - PristonBot - INFO - Health bar at screen coords: (481,763) to (499,863)
2025-04-23 09:09:08,974 - PristonBot - INFO - Mana bar at screen coords: (629,765) to (647,867)
2025-04-23 09:09:08,979 - PristonBot - INFO - Starting Stamina bar selection
2025-04-23 09:09:08,980 - PristonBot - DEBUG - Taking screenshot for selection
2025-04-23 09:09:09,992 - PristonBot - INFO - Health bar at screen coords: (481,763) to (499,863)
2025-04-23 09:09:09,995 - PristonBot - INFO - Mana bar at screen coords: (629,765) to (647,867)
2025-04-23 09:09:10,127 - PristonBot - INFO - Health bar at screen coords: (481,763) to (499,863)
2025-04-23 09:09:10,129 - PristonBot - INFO - Mana bar at screen coords: (629,765) to (647,867)
2025-04-23 09:09:10,661 - PristonBot - DEBUG - Started Stamina bar selection at (464, 781)
2025-04-23 09:09:10,999 - PristonBot - INFO - Health bar at screen coords: (481,763) to (499,863)
2025-04-23 09:09:11,001 - PristonBot - INFO - Mana bar at screen coords: (629,765) to (647,867)
2025-04-23 09:09:12,015 - PristonBot - INFO - Health bar at screen coords: (481,763) to (499,863)
2025-04-23 09:09:12,017 - PristonBot - INFO - Mana bar at screen coords: (629,765) to (647,867)
2025-04-23 09:09:12,517 - PristonBot - DEBUG - Completed Stamina bar selection to (477, 866)
2025-04-23 09:09:12,587 - PristonBot - DEBUG - Captured preview image for Stamina bar: 13x85
2025-04-23 09:09:13,020 - PristonBot - INFO - Health bar at screen coords: (481,763) to (499,863)
2025-04-23 09:09:13,023 - PristonBot - INFO - Mana bar at screen coords: (629,765) to (647,867)
2025-04-23 09:09:14,043 - PristonBot - INFO - Health bar at screen coords: (481,763) to (499,863)
2025-04-23 09:09:14,047 - PristonBot - INFO - Mana bar at screen coords: (629,765) to (647,867)
2025-04-23 09:09:14,209 - PristonBot - INFO - Stamina bar selection confirmed: (464, 781) to (477, 866)
2025-04-23 09:09:15,050 - PristonBot - INFO - Health bar at screen coords: (481,763) to (499,863)
2025-04-23 09:09:15,051 - PristonBot - INFO - Mana bar at screen coords: (629,765) to (647,867)
2025-04-23 09:09:15,054 - PristonBot - INFO - Stamina bar at screen coords: (464,781) to (477,866)
2025-04-23 09:09:15,056 - PristonBot - INFO - All bars configured! You can now start the bot.
2025-04-23 09:09:15,056 - PristonBot - INFO - All bars configured, start button enabled
2025-04-23 09:09:27,762 - PristonBot - INFO - Starting Health bar selection
2025-04-23 09:09:27,763 - PristonBot - DEBUG - Taking screenshot for selection
2025-04-23 09:09:28,925 - PristonBot - INFO - Health bar at screen coords: (481,763) to (499,863)
2025-04-23 09:09:28,927 - PristonBot - INFO - Mana bar at screen coords: (629,765) to (647,867)
2025-04-23 09:09:28,929 - PristonBot - INFO - Stamina bar at screen coords: (464,781) to (477,866)
2025-04-23 09:09:29,341 - PristonBot - DEBUG - Started Health bar selection at (179, 685)
2025-04-23 09:09:30,369 - PristonBot - DEBUG - Completed Health bar selection to (463, 864)
2025-04-23 09:09:30,448 - PristonBot - DEBUG - Captured preview image for Health bar: 284x179
2025-04-23 09:09:31,533 - PristonBot - INFO - Health bar selection confirmed: (179, 685) to (463, 864)
2025-04-23 09:09:41,438 - PristonBot - INFO - Starting Health bar selection
2025-04-23 09:09:41,439 - PristonBot - DEBUG - Taking screenshot for selection
2025-04-23 09:09:42,577 - PristonBot - DEBUG - Started Health bar selection at (630, 433)
2025-04-23 09:09:42,614 - PristonBot - INFO - Health bar at screen coords: (179,685) to (463,864)
2025-04-23 09:09:42,618 - PristonBot - INFO - Mana bar at screen coords: (629,765) to (647,867)
2025-04-23 09:09:42,621 - PristonBot - INFO - Stamina bar at screen coords: (464,781) to (477,866)
2025-04-23 09:09:44,401 - PristonBot - DEBUG - Completed Health bar selection to (720, 599)
2025-04-23 09:09:44,464 - PristonBot - DEBUG - Captured preview image for Health bar: 90x166
2025-04-23 09:09:45,511 - PristonBot - INFO - Health bar selection confirmed: (630, 433) to (720, 599)
2025-04-23 09:09:49,959 - PristonBot - INFO - Starting Health bar selection
2025-04-23 09:09:49,960 - PristonBot - DEBUG - Taking screenshot for selection
2025-04-23 09:09:50,951 - PristonBot - DEBUG - Started Health bar selection at (395, 258)
2025-04-23 09:09:51,107 - PristonBot - INFO - Health bar at screen coords: (630,433) to (720,599)
2025-04-23 09:09:51,109 - PristonBot - INFO - Mana bar at screen coords: (629,765) to (647,867)
2025-04-23 09:09:51,111 - PristonBot - INFO - Stamina bar at screen coords: (464,781) to (477,866)
2025-04-23 09:09:52,352 - PristonBot - DEBUG - Completed Health bar selection to (1038, 766)
2025-04-23 09:09:52,425 - PristonBot - DEBUG - Captured preview image for Health bar: 643x508
2025-04-23 09:09:53,521 - PristonBot - INFO - Health bar selection confirmed: (395, 258) to (1038, 766)
2025-04-23 09:09:59,967 - PristonBot - INFO - Starting Health bar selection
2025-04-23 09:09:59,968 - PristonBot - DEBUG - Taking screenshot for selection
2025-04-23 09:10:01,130 - PristonBot - INFO - Health bar at screen coords: (395,258) to (1038,766)
2025-04-23 09:10:01,134 - PristonBot - INFO - Mana bar at screen coords: (629,765) to (647,867)
2025-04-23 09:10:01,137 - PristonBot - INFO - Stamina bar at screen coords: (464,781) to (477,866)
2025-04-23 09:10:02,966 - PristonBot - DEBUG - Started Health bar selection at (164, 98)
2025-04-23 09:10:05,852 - PristonBot - DEBUG - Completed Health bar selection to (1189, 867)
2025-04-23 09:10:05,923 - PristonBot - DEBUG - Captured preview image for Health bar: 1025x769
2025-04-23 09:10:07,098 - PristonBot - INFO - Health bar selection confirmed: (164, 98) to (1189, 867)
2025-04-23 09:13:30,360 - PristonBot - ERROR - Unhandled exception
Traceback (most recent call last):
  File "C:\repositories\microsoft\system.py", line 143, in <module>
    main()
  File "C:\repositories\microsoft\system.py", line 129, in main
    root.mainloop()
  File "C:\Users\Joaop\AppData\Local\Programs\Python\Python312\Lib\tkinter\__init__.py", line 1505, in mainloop
    self.tk.mainloop(n)
KeyboardInterrupt
