2025-04-23 14:08:18,454 - PristonBot - INFO - Logging initialized
2025-04-23 14:08:18,454 - PristonBot - INFO - Starting Priston Tale Potion Bot application
2025-04-23 14:08:18,508 - PristonBot - INFO - Icon file not found
2025-04-23 14:08:18,508 - PristonBot - INFO - Initializing Priston Tale Potion Bot
2025-04-23 14:08:18,526 - PristonBot - INFO - Bot GUI initialized successfully
2025-04-23 14:08:18,527 - PristonBot - INFO - Configuration loaded from file
2025-04-23 14:08:18,528 - PristonBot - INFO - Selection configured from saved coordinates: (261,74) to (1541,1071)
2025-04-23 14:08:18,532 - PristonBot - INFO - Loaded game window configuration: (261,74) to (1541,1071)
2025-04-23 14:08:18,605 - PristonBot - INFO - Created preview image for game window
2025-04-23 14:08:18,624 - PristonBot - INFO - Game window selected: (261,74) to (1541,1071)
2025-04-23 14:08:18,624 - PristonBot - INFO - Health Bar configured from saved coordinates: (665,945) to (675,1060)
2025-04-23 14:08:18,624 - PristonBot - INFO - Loaded health bar configuration: (665,945) to (675,1060)
2025-04-23 14:08:18,690 - PristonBot - INFO - Created preview image for health bar
2025-04-23 14:08:18,690 - PristonBot - INFO - Mana Bar configured from saved coordinates: (846,944) to (858,1063)
2025-04-23 14:08:18,691 - PristonBot - INFO - Loaded mana bar configuration: (846,944) to (858,1063)
2025-04-23 14:08:18,755 - PristonBot - INFO - Created preview image for mana bar
2025-04-23 14:08:18,756 - PristonBot - INFO - Stamina Bar configured from saved coordinates: (643,968) to (648,1057)
2025-04-23 14:08:18,756 - PristonBot - INFO - Loaded stamina bar configuration: (643,968) to (648,1057)
2025-04-23 14:08:18,821 - PristonBot - INFO - Created preview image for stamina bar
2025-04-23 14:08:18,823 - PristonBot - INFO - Loaded 3/3 bars from saved configuration
2025-04-23 14:08:18,823 - PristonBot - INFO - Loaded 3/3 bars from saved configuration
2025-04-23 14:08:18,824 - PristonBot - INFO - Loaded saved configuration
2025-04-23 14:08:18,827 - PristonBot - INFO - Health Bar selected: (665,945) to (675,1060)
2025-04-23 14:08:18,829 - PristonBot - INFO - Mana Bar selected: (846,944) to (858,1063)
2025-04-23 14:08:18,831 - PristonBot - INFO - Stamina Bar selected: (643,968) to (648,1057)
2025-04-23 14:08:18,840 - PristonBot - INFO - Game window selected: (261,74) to (1541,1071)
2025-04-23 14:08:18,841 - PristonBot - INFO - All bars configured! You can now start the bot.
2025-04-23 14:08:18,842 - PristonBot - INFO - All bars configured, start button enabled
2025-04-23 14:08:18,842 - PristonBot - INFO - Bot GUI initialized
2025-04-23 14:08:18,843 - PristonBot - INFO - Application started successfully
2025-04-23 14:08:18,844 - PristonBot - INFO - Step 1: Select your Health, Mana, and Stamina bars
2025-04-23 14:08:18,845 - PristonBot - INFO - Step 2: Configure thresholds and keys
2025-04-23 14:08:18,847 - PristonBot - INFO - Step 3: Configure spell casting (optional)
2025-04-23 14:08:18,848 - PristonBot - INFO - Step 4: Click Start Bot to begin monitoring
2025-04-23 14:08:19,342 - PristonBot - INFO - Game window selected: (261,74) to (1541,1071)
2025-04-23 14:08:19,343 - PristonBot - INFO - Health Bar selected: (665,945) to (675,1060)
2025-04-23 14:08:19,345 - PristonBot - INFO - Mana Bar selected: (846,944) to (858,1063)
2025-04-23 14:08:19,347 - PristonBot - INFO - Stamina Bar selected: (643,968) to (648,1057)
2025-04-23 14:08:19,521 - PristonBot - INFO - Health Bar selected: (665,945) to (675,1060)
2025-04-23 14:08:19,523 - PristonBot - INFO - Mana Bar selected: (846,944) to (858,1063)
2025-04-23 14:08:19,524 - PristonBot - INFO - Stamina Bar selected: (643,968) to (648,1057)
2025-04-23 14:08:30,938 - PristonBot - ERROR - Unhandled exception
Traceback (most recent call last):
  File "C:\repositories\microsoft\system.py", line 144, in <module>
    main()
  File "C:\repositories\microsoft\system.py", line 130, in main
    root.mainloop()
  File "C:\Users\Joaop\AppData\Local\Programs\Python\Python312\Lib\tkinter\__init__.py", line 1505, in mainloop
    self.tk.mainloop(n)
KeyboardInterrupt
