2025-04-23 09:37:29,357 - PristonBot - INFO - Logging initialized
2025-04-23 09:37:29,357 - PristonBot - INFO - Starting Priston Tale Potion Bot application
2025-04-23 09:37:29,414 - PristonBot - INFO - Icon file not found
2025-04-23 09:37:29,414 - PristonBot - INFO - Initializing Priston Tale Potion Bot
2025-04-23 09:37:29,441 - PristonBot - INFO - Bot GUI initialized successfully
2025-04-23 09:37:29,444 - PristonBot - INFO - Please select the Health, Mana, and Stamina bars to continue
2025-04-23 09:37:29,444 - PristonBot - INFO - Bot GUI initialized
2025-04-23 09:37:29,446 - PristonBot - INFO - Application started successfully
2025-04-23 09:37:29,448 - PristonBot - INFO - Step 1: Select your Health, Mana, and Stamina bars
2025-04-23 09:37:29,449 - PristonBot - INFO - Step 2: Configure thresholds and keys
2025-04-23 09:37:29,450 - PristonBot - INFO - Step 3: Click Start Bot to begin monitoring
2025-04-23 09:37:36,296 - PristonBot - INFO - Starting selection: Game Window
2025-04-23 09:37:52,596 - PristonBot - INFO - Game Window selection confirmed: (202, 128) to (1480, 1117)
2025-04-23 09:37:53,498 - PristonBot - INFO - Game window selected: (202,128) to (1480,1117)
2025-04-23 09:37:58,834 - PristonBot - INFO - Starting selection: Health Bar
2025-04-23 09:38:02,469 - PristonBot - INFO - Detected vertical bar
2025-04-23 09:38:03,530 - PristonBot - INFO - Health Bar selection confirmed: (600, 990) to (619, 1111)
2025-04-23 09:38:03,983 - PristonBot - INFO - Health Bar selected: (600,990) to (619,1111)
2025-04-23 09:38:04,249 - PristonBot - INFO - Starting selection: Mana Bar
2025-04-23 09:38:08,217 - PristonBot - INFO - Detected vertical bar
2025-04-23 09:38:09,269 - PristonBot - INFO - Mana Bar selection confirmed: (784, 993) to (802, 1111)
2025-04-23 09:38:09,357 - PristonBot - INFO - Mana Bar selected: (784,993) to (802,1111)
2025-04-23 09:38:14,552 - PristonBot - INFO - Starting selection: Stamina Bar
2025-04-23 09:38:23,413 - PristonBot - INFO - Detected vertical bar
2025-04-23 09:38:25,337 - PristonBot - INFO - Stamina Bar selection confirmed: (584, 1017) to (590, 1117)
2025-04-23 09:38:25,687 - PristonBot - INFO - Stamina Bar selected: (584,1017) to (590,1117)
2025-04-23 09:38:26,065 - PristonBot - INFO - All bars configured! You can now start the bot.
2025-04-23 09:38:26,067 - PristonBot - INFO - All bars configured, start button enabled
2025-04-23 09:38:27,300 - PristonBot - INFO - Starting selection: Health Bar
2025-04-23 09:38:33,365 - PristonBot - INFO - Detected vertical bar
2025-04-23 09:38:34,642 - PristonBot - INFO - Health Bar selection confirmed: (602, 992) to (618, 1109)
2025-04-23 09:38:35,453 - PristonBot - INFO - Health Bar selected: (602,992) to (618,1109)
2025-04-23 09:38:35,712 - PristonBot - INFO - Starting selection: Mana Bar
2025-04-23 09:38:39,841 - PristonBot - INFO - Detected vertical bar
2025-04-23 09:38:41,084 - PristonBot - INFO - Mana Bar selection confirmed: (785, 996) to (799, 1109)
2025-04-23 09:38:41,841 - PristonBot - INFO - Mana Bar selected: (785,996) to (799,1109)
2025-04-23 09:38:42,386 - PristonBot - INFO - Starting selection: Stamina Bar
2025-04-23 09:38:45,809 - PristonBot - INFO - Detected vertical bar
2025-04-23 09:38:46,924 - PristonBot - INFO - Stamina Bar selection confirmed: (582, 1017) to (589, 1110)
2025-04-23 09:38:47,518 - PristonBot - INFO - Stamina Bar selected: (582,1017) to (589,1110)
2025-04-23 09:39:01,783 - PristonBot - INFO - Starting bot...
2025-04-23 09:39:01,783 - PristonBot - INFO - Bot thread started
2025-04-23 09:39:01,785 - PristonBot - INFO - Bot started
2025-04-23 09:39:01,786 - PristonBot - INFO - Bot loop started
2025-04-23 09:39:01,870 - PristonBot - INFO - Health: 98.3% (Threshold: 50.0%)
2025-04-23 09:39:01,934 - PristonBot - INFO - Mana: 100.0% (Threshold: 50.0%)
2025-04-23 09:39:02,000 - PristonBot - INFO - Stamina: 100.0% (Threshold: 50.0%)
2025-04-23 09:39:02,581 - PristonBot - INFO - Health: 98.3% (Threshold: 50.0%)
2025-04-23 09:39:02,652 - PristonBot - INFO - Mana: 100.0% (Threshold: 50.0%)
2025-04-23 09:39:02,721 - PristonBot - INFO - Stamina: 100.0% (Threshold: 50.0%)
2025-04-23 09:39:03,288 - PristonBot - INFO - Health: 98.3% (Threshold: 50.0%)
2025-04-23 09:39:03,352 - PristonBot - INFO - Mana: 100.0% (Threshold: 50.0%)
2025-04-23 09:39:03,428 - PristonBot - INFO - Stamina: 100.0% (Threshold: 50.0%)
2025-04-23 09:39:04,019 - PristonBot - INFO - Health: 98.3% (Threshold: 50.0%)
2025-04-23 09:39:04,087 - PristonBot - INFO - Mana: 100.0% (Threshold: 50.0%)
2025-04-23 09:39:04,151 - PristonBot - INFO - Stamina: 100.0% (Threshold: 50.0%)
2025-04-23 09:39:04,723 - PristonBot - INFO - Health: 98.3% (Threshold: 50.0%)
2025-04-23 09:39:04,782 - PristonBot - INFO - Mana: 100.0% (Threshold: 50.0%)
2025-04-23 09:39:04,849 - PristonBot - INFO - Stamina: 100.0% (Threshold: 50.0%)
2025-04-23 09:39:05,424 - PristonBot - INFO - Health: 98.3% (Threshold: 50.0%)
2025-04-23 09:39:05,481 - PristonBot - INFO - Mana: 100.0% (Threshold: 50.0%)
2025-04-23 09:39:05,554 - PristonBot - INFO - Stamina: 100.0% (Threshold: 50.0%)
2025-04-23 09:39:06,130 - PristonBot - INFO - Health: 98.3% (Threshold: 50.0%)
2025-04-23 09:39:06,209 - PristonBot - INFO - Mana: 100.0% (Threshold: 50.0%)
2025-04-23 09:39:06,269 - PristonBot - INFO - Stamina: 100.0% (Threshold: 50.0%)
2025-04-23 09:39:06,841 - PristonBot - INFO - Health: 98.3% (Threshold: 50.0%)
2025-04-23 09:39:06,905 - PristonBot - INFO - Mana: 100.0% (Threshold: 50.0%)
2025-04-23 09:39:06,968 - PristonBot - INFO - Stamina: 100.0% (Threshold: 50.0%)
2025-04-23 09:39:07,546 - PristonBot - INFO - Health: 98.3% (Threshold: 50.0%)
2025-04-23 09:39:07,608 - PristonBot - INFO - Mana: 100.0% (Threshold: 50.0%)
2025-04-23 09:39:07,670 - PristonBot - INFO - Stamina: 100.0% (Threshold: 50.0%)
2025-04-23 09:39:08,242 - PristonBot - INFO - Health: 98.3% (Threshold: 50.0%)
2025-04-23 09:39:08,306 - PristonBot - INFO - Mana: 100.0% (Threshold: 50.0%)
2025-04-23 09:39:08,369 - PristonBot - INFO - Stamina: 100.0% (Threshold: 50.0%)
2025-04-23 09:39:08,941 - PristonBot - INFO - Health: 98.3% (Threshold: 50.0%)
2025-04-23 09:39:09,002 - PristonBot - INFO - Mana: 100.0% (Threshold: 50.0%)
2025-04-23 09:39:09,070 - PristonBot - INFO - Stamina: 100.0% (Threshold: 50.0%)
2025-04-23 09:39:09,647 - PristonBot - INFO - Health: 98.3% (Threshold: 50.0%)
2025-04-23 09:39:09,702 - PristonBot - INFO - Mana: 100.0% (Threshold: 50.0%)
2025-04-23 09:39:09,773 - PristonBot - INFO - Stamina: 97.8% (Threshold: 50.0%)
2025-04-23 09:39:10,346 - PristonBot - INFO - Health: 98.3% (Threshold: 50.0%)
2025-04-23 09:39:10,407 - PristonBot - INFO - Mana: 100.0% (Threshold: 50.0%)
2025-04-23 09:39:10,471 - PristonBot - INFO - Stamina: 97.8% (Threshold: 50.0%)
2025-04-23 09:39:11,045 - PristonBot - INFO - Health: 98.3% (Threshold: 50.0%)
2025-04-23 09:39:11,108 - PristonBot - INFO - Mana: 100.0% (Threshold: 50.0%)
2025-04-23 09:39:11,170 - PristonBot - INFO - Stamina: 96.8% (Threshold: 50.0%)
2025-04-23 09:39:11,756 - PristonBot - INFO - Health: 98.3% (Threshold: 50.0%)
2025-04-23 09:39:11,820 - PristonBot - INFO - Mana: 100.0% (Threshold: 50.0%)
2025-04-23 09:39:11,891 - PristonBot - INFO - Stamina: 96.8% (Threshold: 50.0%)
2025-04-23 09:39:12,468 - PristonBot - INFO - Health: 98.3% (Threshold: 50.0%)
2025-04-23 09:39:12,543 - PristonBot - INFO - Mana: 100.0% (Threshold: 50.0%)
2025-04-23 09:39:12,611 - PristonBot - INFO - Stamina: 95.7% (Threshold: 50.0%)
2025-04-23 09:39:13,181 - PristonBot - INFO - Health: 98.3% (Threshold: 50.0%)
2025-04-23 09:39:13,248 - PristonBot - INFO - Mana: 100.0% (Threshold: 50.0%)
2025-04-23 09:39:13,310 - PristonBot - INFO - Stamina: 95.7% (Threshold: 50.0%)
2025-04-23 09:39:13,879 - PristonBot - INFO - Health: 98.3% (Threshold: 50.0%)
2025-04-23 09:39:13,948 - PristonBot - INFO - Mana: 100.0% (Threshold: 50.0%)
2025-04-23 09:39:14,009 - PristonBot - INFO - Stamina: 94.6% (Threshold: 50.0%)
2025-04-23 09:39:14,581 - PristonBot - INFO - Health: 98.3% (Threshold: 50.0%)
2025-04-23 09:39:14,646 - PristonBot - INFO - Mana: 100.0% (Threshold: 50.0%)
2025-04-23 09:39:14,716 - PristonBot - INFO - Stamina: 94.6% (Threshold: 50.0%)
2025-04-23 09:39:15,274 - PristonBot - INFO - Health: 98.3% (Threshold: 50.0%)
2025-04-23 09:39:15,342 - PristonBot - INFO - Mana: 100.0% (Threshold: 50.0%)
2025-04-23 09:39:15,406 - PristonBot - INFO - Stamina: 92.5% (Threshold: 50.0%)
2025-04-23 09:39:15,984 - PristonBot - INFO - Health: 98.3% (Threshold: 50.0%)
2025-04-23 09:39:16,041 - PristonBot - INFO - Mana: 100.0% (Threshold: 50.0%)
2025-04-23 09:39:16,112 - PristonBot - INFO - Stamina: 92.5% (Threshold: 50.0%)
2025-04-23 09:39:16,690 - PristonBot - INFO - Health: 98.3% (Threshold: 50.0%)
2025-04-23 09:39:16,764 - PristonBot - INFO - Mana: 100.0% (Threshold: 50.0%)
2025-04-23 09:39:16,828 - PristonBot - INFO - Stamina: 91.4% (Threshold: 50.0%)
2025-04-23 09:39:17,391 - PristonBot - INFO - Health: 98.3% (Threshold: 50.0%)
2025-04-23 09:39:17,461 - PristonBot - INFO - Mana: 100.0% (Threshold: 50.0%)
2025-04-23 09:39:17,524 - PristonBot - INFO - Stamina: 91.4% (Threshold: 50.0%)
2025-04-23 09:39:18,101 - PristonBot - INFO - Health: 98.3% (Threshold: 50.0%)
2025-04-23 09:39:18,167 - PristonBot - INFO - Mana: 100.0% (Threshold: 50.0%)
2025-04-23 09:39:18,227 - PristonBot - INFO - Stamina: 90.3% (Threshold: 50.0%)
2025-04-23 09:39:18,800 - PristonBot - INFO - Health: 98.3% (Threshold: 50.0%)
2025-04-23 09:39:18,862 - PristonBot - INFO - Mana: 100.0% (Threshold: 50.0%)
2025-04-23 09:39:18,928 - PristonBot - INFO - Stamina: 90.3% (Threshold: 50.0%)
2025-04-23 09:39:19,493 - PristonBot - INFO - Health: 98.3% (Threshold: 50.0%)
2025-04-23 09:39:19,560 - PristonBot - INFO - Mana: 100.0% (Threshold: 50.0%)
2025-04-23 09:39:19,633 - PristonBot - INFO - Stamina: 89.2% (Threshold: 50.0%)
2025-04-23 09:39:20,195 - PristonBot - INFO - Health: 98.3% (Threshold: 50.0%)
2025-04-23 09:39:20,258 - PristonBot - INFO - Mana: 100.0% (Threshold: 50.0%)
2025-04-23 09:39:20,328 - PristonBot - INFO - Stamina: 87.1% (Threshold: 50.0%)
2025-04-23 09:39:20,899 - PristonBot - INFO - Health: 98.3% (Threshold: 50.0%)
2025-04-23 09:39:20,964 - PristonBot - INFO - Mana: 100.0% (Threshold: 50.0%)
2025-04-23 09:39:21,028 - PristonBot - INFO - Stamina: 87.1% (Threshold: 50.0%)
2025-04-23 09:39:21,611 - PristonBot - INFO - Health: 98.3% (Threshold: 50.0%)
2025-04-23 09:39:21,681 - PristonBot - INFO - Mana: 100.0% (Threshold: 50.0%)
2025-04-23 09:39:21,745 - PristonBot - INFO - Stamina: 87.1% (Threshold: 50.0%)
2025-04-23 09:39:22,319 - PristonBot - INFO - Health: 98.3% (Threshold: 50.0%)
2025-04-23 09:39:22,378 - PristonBot - INFO - Mana: 100.0% (Threshold: 50.0%)
2025-04-23 09:39:22,444 - PristonBot - INFO - Stamina: 86.0% (Threshold: 50.0%)
2025-04-23 09:39:23,020 - PristonBot - INFO - Health: 98.3% (Threshold: 50.0%)
2025-04-23 09:39:23,086 - PristonBot - INFO - Mana: 100.0% (Threshold: 50.0%)
2025-04-23 09:39:23,143 - PristonBot - INFO - Stamina: 86.0% (Threshold: 50.0%)
2025-04-23 09:39:23,715 - PristonBot - INFO - Health: 98.3% (Threshold: 50.0%)
2025-04-23 09:39:23,781 - PristonBot - INFO - Mana: 100.0% (Threshold: 50.0%)
2025-04-23 09:39:23,843 - PristonBot - INFO - Stamina: 84.9% (Threshold: 50.0%)
2025-04-23 09:39:24,415 - PristonBot - INFO - Health: 98.3% (Threshold: 50.0%)
2025-04-23 09:39:24,482 - PristonBot - INFO - Mana: 100.0% (Threshold: 50.0%)
2025-04-23 09:39:24,551 - PristonBot - INFO - Stamina: 84.9% (Threshold: 50.0%)
2025-04-23 09:39:25,128 - PristonBot - INFO - Health: 98.3% (Threshold: 50.0%)
2025-04-23 09:39:25,206 - PristonBot - INFO - Mana: 100.0% (Threshold: 50.0%)
2025-04-23 09:39:25,284 - PristonBot - INFO - Stamina: 83.9% (Threshold: 50.0%)
2025-04-23 09:39:25,854 - PristonBot - INFO - Health: 98.3% (Threshold: 50.0%)
2025-04-23 09:39:25,914 - PristonBot - INFO - Mana: 100.0% (Threshold: 50.0%)
2025-04-23 09:39:25,984 - PristonBot - INFO - Stamina: 83.9% (Threshold: 50.0%)
2025-04-23 09:39:26,549 - PristonBot - INFO - Health: 98.3% (Threshold: 50.0%)
2025-04-23 09:39:26,616 - PristonBot - INFO - Mana: 100.0% (Threshold: 50.0%)
2025-04-23 09:39:26,682 - PristonBot - INFO - Stamina: 81.7% (Threshold: 50.0%)
2025-04-23 09:39:27,258 - PristonBot - INFO - Health: 98.3% (Threshold: 50.0%)
2025-04-23 09:39:27,336 - PristonBot - INFO - Mana: 100.0% (Threshold: 50.0%)
2025-04-23 09:39:27,396 - PristonBot - INFO - Stamina: 80.6% (Threshold: 50.0%)
2025-04-23 09:39:27,974 - PristonBot - INFO - Health: 98.3% (Threshold: 50.0%)
2025-04-23 09:39:28,048 - PristonBot - INFO - Mana: 100.0% (Threshold: 50.0%)
2025-04-23 09:39:28,127 - PristonBot - INFO - Stamina: 80.6% (Threshold: 50.0%)
2025-04-23 09:39:28,721 - PristonBot - INFO - Health: 98.3% (Threshold: 50.0%)
2025-04-23 09:39:28,793 - PristonBot - INFO - Mana: 100.0% (Threshold: 50.0%)
2025-04-23 09:39:28,866 - PristonBot - INFO - Stamina: 79.6% (Threshold: 50.0%)
2025-04-23 09:39:29,435 - PristonBot - INFO - Health: 98.3% (Threshold: 50.0%)
2025-04-23 09:39:29,502 - PristonBot - INFO - Mana: 100.0% (Threshold: 50.0%)
2025-04-23 09:39:29,567 - PristonBot - INFO - Stamina: 79.6% (Threshold: 50.0%)
2025-04-23 09:39:30,149 - PristonBot - INFO - Health: 98.3% (Threshold: 50.0%)
2025-04-23 09:39:30,218 - PristonBot - INFO - Mana: 100.0% (Threshold: 50.0%)
2025-04-23 09:39:30,287 - PristonBot - INFO - Stamina: 77.4% (Threshold: 50.0%)
2025-04-23 09:39:30,859 - PristonBot - INFO - Health: 98.3% (Threshold: 50.0%)
2025-04-23 09:39:30,931 - PristonBot - INFO - Mana: 100.0% (Threshold: 50.0%)
2025-04-23 09:39:30,997 - PristonBot - INFO - Stamina: 77.4% (Threshold: 50.0%)
2025-04-23 09:39:31,568 - PristonBot - INFO - Health: 98.3% (Threshold: 50.0%)
2025-04-23 09:39:31,630 - PristonBot - INFO - Mana: 100.0% (Threshold: 50.0%)
2025-04-23 09:39:31,701 - PristonBot - INFO - Stamina: 76.3% (Threshold: 50.0%)
2025-04-23 09:39:32,293 - PristonBot - INFO - Health: 98.3% (Threshold: 50.0%)
2025-04-23 09:39:32,367 - PristonBot - INFO - Mana: 100.0% (Threshold: 50.0%)
2025-04-23 09:39:32,435 - PristonBot - INFO - Stamina: 76.3% (Threshold: 50.0%)
2025-04-23 09:39:33,004 - PristonBot - INFO - Health: 98.3% (Threshold: 50.0%)
2025-04-23 09:39:33,064 - PristonBot - INFO - Mana: 100.0% (Threshold: 50.0%)
2025-04-23 09:39:33,148 - PristonBot - INFO - Stamina: 75.3% (Threshold: 50.0%)
2025-04-23 09:39:33,736 - PristonBot - INFO - Health: 98.3% (Threshold: 50.0%)
2025-04-23 09:39:33,821 - PristonBot - INFO - Mana: 100.0% (Threshold: 50.0%)
2025-04-23 09:39:33,888 - PristonBot - INFO - Stamina: 75.3% (Threshold: 50.0%)
2025-04-23 09:39:34,457 - PristonBot - INFO - Health: 98.3% (Threshold: 50.0%)
2025-04-23 09:39:34,511 - PristonBot - INFO - Mana: 100.0% (Threshold: 50.0%)
2025-04-23 09:39:34,580 - PristonBot - INFO - Stamina: 75.3% (Threshold: 50.0%)
2025-04-23 09:39:35,165 - PristonBot - INFO - Health: 98.3% (Threshold: 50.0%)
2025-04-23 09:39:35,243 - PristonBot - INFO - Mana: 100.0% (Threshold: 50.0%)
2025-04-23 09:39:35,321 - PristonBot - INFO - Stamina: 78.5% (Threshold: 50.0%)
2025-04-23 09:39:35,888 - PristonBot - INFO - Health: 98.3% (Threshold: 50.0%)
2025-04-23 09:39:35,951 - PristonBot - INFO - Mana: 94.7% (Threshold: 50.0%)
2025-04-23 09:39:36,017 - PristonBot - INFO - Stamina: 72.0% (Threshold: 50.0%)
2025-04-23 09:39:36,589 - PristonBot - INFO - Health: 98.3% (Threshold: 50.0%)
2025-04-23 09:39:36,647 - PristonBot - INFO - Mana: 95.6% (Threshold: 50.0%)
2025-04-23 09:39:36,721 - PristonBot - INFO - Stamina: 72.0% (Threshold: 50.0%)
2025-04-23 09:39:37,289 - PristonBot - INFO - Health: 98.3% (Threshold: 50.0%)
2025-04-23 09:39:37,344 - PristonBot - INFO - Mana: 96.5% (Threshold: 50.0%)
2025-04-23 09:39:37,396 - PristonBot - INFO - Stamina: 72.0% (Threshold: 50.0%)
2025-04-23 09:39:37,975 - PristonBot - INFO - Health: 98.3% (Threshold: 50.0%)
2025-04-23 09:39:38,032 - PristonBot - INFO - Mana: 96.5% (Threshold: 50.0%)
2025-04-23 09:39:38,107 - PristonBot - INFO - Stamina: 72.0% (Threshold: 50.0%)
2025-04-23 09:39:38,673 - PristonBot - INFO - Health: 98.3% (Threshold: 50.0%)
2025-04-23 09:39:38,730 - PristonBot - INFO - Mana: 96.5% (Threshold: 50.0%)
2025-04-23 09:39:38,806 - PristonBot - INFO - Stamina: 67.7% (Threshold: 50.0%)
2025-04-23 09:39:39,369 - PristonBot - INFO - Health: 98.3% (Threshold: 50.0%)
2025-04-23 09:39:39,437 - PristonBot - INFO - Mana: 91.2% (Threshold: 50.0%)
2025-04-23 09:39:39,501 - PristonBot - INFO - Stamina: 67.7% (Threshold: 50.0%)
2025-04-23 09:39:40,076 - PristonBot - INFO - Health: 98.3% (Threshold: 50.0%)
2025-04-23 09:39:40,133 - PristonBot - INFO - Mana: 91.2% (Threshold: 50.0%)
2025-04-23 09:39:40,200 - PristonBot - INFO - Stamina: 67.7% (Threshold: 50.0%)
2025-04-23 09:39:40,768 - PristonBot - INFO - Health: 98.3% (Threshold: 50.0%)
2025-04-23 09:39:40,837 - PristonBot - INFO - Mana: 84.1% (Threshold: 50.0%)
2025-04-23 09:39:40,909 - PristonBot - INFO - Stamina: 60.2% (Threshold: 50.0%)
2025-04-23 09:39:41,470 - PristonBot - INFO - Health: 98.3% (Threshold: 50.0%)
2025-04-23 09:39:41,542 - PristonBot - INFO - Mana: 85.8% (Threshold: 50.0%)
2025-04-23 09:39:41,596 - PristonBot - INFO - Stamina: 60.2% (Threshold: 50.0%)
2025-04-23 09:39:42,172 - PristonBot - INFO - Health: 98.3% (Threshold: 50.0%)
2025-04-23 09:39:42,235 - PristonBot - INFO - Mana: 85.8% (Threshold: 50.0%)
2025-04-23 09:39:42,300 - PristonBot - INFO - Stamina: 60.2% (Threshold: 50.0%)
2025-04-23 09:39:42,882 - PristonBot - INFO - Health: 98.3% (Threshold: 50.0%)
2025-04-23 09:39:42,960 - PristonBot - INFO - Mana: 78.8% (Threshold: 50.0%)
2025-04-23 09:39:43,020 - PristonBot - INFO - Stamina: 53.8% (Threshold: 50.0%)
2025-04-23 09:39:43,589 - PristonBot - INFO - Health: 98.3% (Threshold: 50.0%)
2025-04-23 09:39:43,660 - PristonBot - INFO - Mana: 79.6% (Threshold: 50.0%)
2025-04-23 09:39:43,726 - PristonBot - INFO - Stamina: 53.8% (Threshold: 50.0%)
2025-04-23 09:39:44,287 - PristonBot - INFO - Health: 98.3% (Threshold: 50.0%)
2025-04-23 09:39:44,373 - PristonBot - INFO - Mana: 79.6% (Threshold: 50.0%)
2025-04-23 09:39:44,441 - PristonBot - INFO - Stamina: 53.8% (Threshold: 50.0%)
2025-04-23 09:39:45,016 - PristonBot - INFO - Health: 98.3% (Threshold: 50.0%)
2025-04-23 09:39:45,095 - PristonBot - INFO - Mana: 74.3% (Threshold: 50.0%)
2025-04-23 09:39:45,163 - PristonBot - INFO - Stamina: 48.4% (Threshold: 50.0%)
2025-04-23 09:39:45,164 - PristonBot - INFO - Stamina low (48.4%), using stamina potion (key 2)
2025-04-23 09:39:45,164 - PristonBot - INFO - Using stamina potion - SP: 48.4% < 50.0%
2025-04-23 09:39:45,164 - PristonBot - INFO - Sending key '2' (VK: 50) using SendInput
2025-04-23 09:39:45,806 - PristonBot - INFO - Health: 98.3% (Threshold: 50.0%)
2025-04-23 09:39:45,877 - PristonBot - INFO - Mana: 74.3% (Threshold: 50.0%)
2025-04-23 09:39:45,939 - PristonBot - INFO - Stamina: 48.4% (Threshold: 50.0%)
2025-04-23 09:39:46,506 - PristonBot - INFO - Health: 98.3% (Threshold: 50.0%)
2025-04-23 09:39:46,580 - PristonBot - INFO - Mana: 74.3% (Threshold: 50.0%)
2025-04-23 09:39:46,640 - PristonBot - INFO - Stamina: 48.4% (Threshold: 50.0%)
2025-04-23 09:39:47,216 - PristonBot - INFO - Health: 98.3% (Threshold: 50.0%)
2025-04-23 09:39:47,288 - PristonBot - INFO - Mana: 75.2% (Threshold: 50.0%)
2025-04-23 09:39:47,364 - PristonBot - INFO - Stamina: 48.4% (Threshold: 50.0%)
2025-04-23 09:39:47,922 - PristonBot - INFO - Health: 98.3% (Threshold: 50.0%)
2025-04-23 09:39:47,991 - PristonBot - INFO - Mana: 75.2% (Threshold: 50.0%)
2025-04-23 09:39:48,061 - PristonBot - INFO - Stamina: 49.5% (Threshold: 50.0%)
2025-04-23 09:39:48,628 - PristonBot - INFO - Health: 98.3% (Threshold: 50.0%)
2025-04-23 09:39:48,689 - PristonBot - INFO - Mana: 75.2% (Threshold: 50.0%)
2025-04-23 09:39:48,766 - PristonBot - INFO - Stamina: 52.7% (Threshold: 50.0%)
2025-04-23 09:39:49,346 - PristonBot - INFO - Health: 98.3% (Threshold: 50.0%)
2025-04-23 09:39:49,409 - PristonBot - INFO - Mana: 77.0% (Threshold: 50.0%)
2025-04-23 09:39:49,472 - PristonBot - INFO - Stamina: 53.8% (Threshold: 50.0%)
2025-04-23 09:39:50,040 - PristonBot - INFO - Health: 98.3% (Threshold: 50.0%)
2025-04-23 09:39:50,120 - PristonBot - INFO - Mana: 69.9% (Threshold: 50.0%)
2025-04-23 09:39:50,187 - PristonBot - INFO - Stamina: 48.4% (Threshold: 50.0%)
2025-04-23 09:39:50,189 - PristonBot - INFO - Stamina low (48.4%), using stamina potion (key 2)
2025-04-23 09:39:50,190 - PristonBot - INFO - Using stamina potion - SP: 48.4% < 50.0%
2025-04-23 09:39:50,190 - PristonBot - INFO - Sending key '2' (VK: 50) using SendInput
2025-04-23 09:39:50,811 - PristonBot - INFO - Health: 98.3% (Threshold: 50.0%)
2025-04-23 09:39:50,871 - PristonBot - INFO - Mana: 69.9% (Threshold: 50.0%)
2025-04-23 09:39:50,940 - PristonBot - INFO - Stamina: 48.4% (Threshold: 50.0%)
2025-04-23 09:39:51,517 - PristonBot - INFO - Health: 98.3% (Threshold: 50.0%)
2025-04-23 09:39:51,586 - PristonBot - INFO - Mana: 70.8% (Threshold: 50.0%)
2025-04-23 09:39:51,667 - PristonBot - INFO - Stamina: 49.5% (Threshold: 50.0%)
2025-04-23 09:39:52,254 - PristonBot - INFO - Health: 98.3% (Threshold: 50.0%)
2025-04-23 09:39:52,331 - PristonBot - INFO - Mana: 72.6% (Threshold: 50.0%)
2025-04-23 09:39:52,436 - PristonBot - INFO - Stamina: 51.6% (Threshold: 50.0%)
2025-04-23 09:39:53,013 - PristonBot - INFO - Health: 98.3% (Threshold: 50.0%)
2025-04-23 09:39:53,075 - PristonBot - INFO - Mana: 72.6% (Threshold: 50.0%)
2025-04-23 09:39:53,147 - PristonBot - INFO - Stamina: 52.7% (Threshold: 50.0%)
2025-04-23 09:39:53,713 - PristonBot - INFO - Health: 98.3% (Threshold: 50.0%)
2025-04-23 09:39:53,775 - PristonBot - INFO - Mana: 72.6% (Threshold: 50.0%)
2025-04-23 09:39:53,839 - PristonBot - INFO - Stamina: 54.8% (Threshold: 50.0%)
2025-04-23 09:39:54,419 - PristonBot - INFO - Health: 98.3% (Threshold: 50.0%)
2025-04-23 09:39:54,494 - PristonBot - INFO - Mana: 73.5% (Threshold: 50.0%)
2025-04-23 09:39:54,561 - PristonBot - INFO - Stamina: 55.9% (Threshold: 50.0%)
2025-04-23 09:39:55,156 - PristonBot - INFO - Health: 98.3% (Threshold: 50.0%)
2025-04-23 09:39:55,229 - PristonBot - INFO - Mana: 73.5% (Threshold: 50.0%)
2025-04-23 09:39:55,293 - PristonBot - INFO - Stamina: 58.1% (Threshold: 50.0%)
2025-04-23 09:39:55,879 - PristonBot - INFO - Health: 98.3% (Threshold: 50.0%)
2025-04-23 09:39:55,943 - PristonBot - INFO - Mana: 74.3% (Threshold: 50.0%)
2025-04-23 09:39:56,012 - PristonBot - INFO - Stamina: 59.1% (Threshold: 50.0%)
2025-04-23 09:39:56,585 - PristonBot - INFO - Health: 98.3% (Threshold: 50.0%)
2025-04-23 09:39:56,648 - PristonBot - INFO - Mana: 74.3% (Threshold: 50.0%)
2025-04-23 09:39:56,712 - PristonBot - INFO - Stamina: 62.4% (Threshold: 50.0%)
2025-04-23 09:39:57,290 - PristonBot - INFO - Health: 98.3% (Threshold: 50.0%)
2025-04-23 09:39:57,361 - PristonBot - INFO - Mana: 68.1% (Threshold: 50.0%)
2025-04-23 09:39:57,429 - PristonBot - INFO - Stamina: 54.8% (Threshold: 50.0%)
2025-04-23 09:39:58,006 - PristonBot - INFO - Health: 98.3% (Threshold: 50.0%)
2025-04-23 09:39:58,077 - PristonBot - INFO - Mana: 69.0% (Threshold: 50.0%)
2025-04-23 09:39:58,150 - PristonBot - INFO - Stamina: 54.8% (Threshold: 50.0%)
2025-04-23 09:39:58,716 - PristonBot - INFO - Health: 98.3% (Threshold: 50.0%)
2025-04-23 09:39:58,774 - PristonBot - INFO - Mana: 61.9% (Threshold: 50.0%)
2025-04-23 09:39:58,852 - PristonBot - INFO - Stamina: 48.4% (Threshold: 50.0%)
2025-04-23 09:39:58,854 - PristonBot - INFO - Stamina low (48.4%), using stamina potion (key 2)
2025-04-23 09:39:58,854 - PristonBot - INFO - Using stamina potion - SP: 48.4% < 50.0%
2025-04-23 09:39:58,855 - PristonBot - INFO - Sending key '2' (VK: 50) using SendInput
2025-04-23 09:39:59,479 - PristonBot - INFO - Health: 98.3% (Threshold: 50.0%)
2025-04-23 09:39:59,542 - PristonBot - INFO - Mana: 61.9% (Threshold: 50.0%)
2025-04-23 09:39:59,610 - PristonBot - INFO - Stamina: 48.4% (Threshold: 50.0%)
2025-04-23 09:40:00,187 - PristonBot - INFO - Health: 98.3% (Threshold: 50.0%)
2025-04-23 09:40:00,249 - PristonBot - INFO - Mana: 56.6% (Threshold: 50.0%)
2025-04-23 09:40:00,322 - PristonBot - INFO - Stamina: 41.9% (Threshold: 50.0%)
2025-04-23 09:40:00,916 - PristonBot - INFO - Health: 98.3% (Threshold: 50.0%)
2025-04-23 09:40:00,979 - PristonBot - INFO - Mana: 56.6% (Threshold: 50.0%)
2025-04-23 09:40:01,057 - PristonBot - INFO - Stamina: 43.0% (Threshold: 50.0%)
2025-04-23 09:40:01,638 - PristonBot - INFO - Health: 98.3% (Threshold: 50.0%)
2025-04-23 09:40:01,698 - PristonBot - INFO - Mana: 56.6% (Threshold: 50.0%)
2025-04-23 09:40:01,767 - PristonBot - INFO - Stamina: 43.0% (Threshold: 50.0%)
2025-04-23 09:40:02,329 - PristonBot - INFO - Health: 98.3% (Threshold: 50.0%)
2025-04-23 09:40:02,394 - PristonBot - INFO - Mana: 51.3% (Threshold: 50.0%)
2025-04-23 09:40:02,460 - PristonBot - INFO - Stamina: 36.6% (Threshold: 50.0%)
2025-04-23 09:40:02,461 - PristonBot - INFO - Stamina low (36.6%), using stamina potion (key 2)
2025-04-23 09:40:02,462 - PristonBot - INFO - Using stamina potion - SP: 36.6% < 50.0%
2025-04-23 09:40:02,462 - PristonBot - INFO - Sending key '2' (VK: 50) using SendInput
2025-04-23 09:40:03,087 - PristonBot - INFO - Health: 98.3% (Threshold: 50.0%)
2025-04-23 09:40:03,146 - PristonBot - INFO - Mana: 51.3% (Threshold: 50.0%)
2025-04-23 09:40:03,214 - PristonBot - INFO - Stamina: 36.6% (Threshold: 50.0%)
2025-04-23 09:40:03,790 - PristonBot - INFO - Health: 98.3% (Threshold: 50.0%)
2025-04-23 09:40:03,863 - PristonBot - INFO - Mana: 46.0% (Threshold: 50.0%)
2025-04-23 09:40:03,864 - PristonBot - INFO - Mana low (46.0%), using mana potion (key 3)
2025-04-23 09:40:03,864 - PristonBot - INFO - Using mana potion - MP: 46.0% < 50.0%
2025-04-23 09:40:03,865 - PristonBot - INFO - Sending key '3' (VK: 51) using SendInput
2025-04-23 09:40:03,978 - PristonBot - INFO - Stamina: 28.0% (Threshold: 50.0%)
2025-04-23 09:40:04,556 - PristonBot - INFO - Health: 98.3% (Threshold: 50.0%)
2025-04-23 09:40:04,612 - PristonBot - INFO - Mana: 46.0% (Threshold: 50.0%)
2025-04-23 09:40:04,689 - PristonBot - INFO - Stamina: 28.0% (Threshold: 50.0%)
2025-04-23 09:40:05,270 - PristonBot - INFO - Health: 98.3% (Threshold: 50.0%)
2025-04-23 09:40:05,331 - PristonBot - INFO - Mana: 46.0% (Threshold: 50.0%)
2025-04-23 09:40:05,393 - PristonBot - INFO - Stamina: 28.0% (Threshold: 50.0%)
2025-04-23 09:40:05,968 - PristonBot - INFO - Health: 98.3% (Threshold: 50.0%)
2025-04-23 09:40:06,027 - PristonBot - INFO - Mana: 39.8% (Threshold: 50.0%)
2025-04-23 09:40:06,117 - PristonBot - INFO - Stamina: 21.5% (Threshold: 50.0%)
2025-04-23 09:40:06,120 - PristonBot - INFO - Stamina low (21.5%), using stamina potion (key 2)
2025-04-23 09:40:06,121 - PristonBot - INFO - Using stamina potion - SP: 21.5% < 50.0%
2025-04-23 09:40:06,123 - PristonBot - INFO - Sending key '2' (VK: 50) using SendInput
2025-04-23 09:40:06,762 - PristonBot - INFO - Health: 98.3% (Threshold: 50.0%)
2025-04-23 09:40:06,830 - PristonBot - INFO - Mana: 41.6% (Threshold: 50.0%)
2025-04-23 09:40:06,896 - PristonBot - INFO - Stamina: 21.5% (Threshold: 50.0%)
2025-04-23 09:40:07,471 - PristonBot - INFO - Health: 98.3% (Threshold: 50.0%)
2025-04-23 09:40:07,531 - PristonBot - INFO - Mana: 41.6% (Threshold: 50.0%)
2025-04-23 09:40:07,533 - PristonBot - INFO - Mana low (41.6%), using mana potion (key 3)
2025-04-23 09:40:07,533 - PristonBot - INFO - Using mana potion - MP: 41.6% < 50.0%
2025-04-23 09:40:07,534 - PristonBot - INFO - Sending key '3' (VK: 51) using SendInput
2025-04-23 09:40:07,646 - PristonBot - INFO - Stamina: 22.6% (Threshold: 50.0%)
2025-04-23 09:40:08,232 - PristonBot - INFO - Health: 98.3% (Threshold: 50.0%)
2025-04-23 09:40:08,302 - PristonBot - INFO - Mana: 41.6% (Threshold: 50.0%)
2025-04-23 09:40:08,362 - PristonBot - INFO - Stamina: 23.7% (Threshold: 50.0%)
2025-04-23 09:40:08,932 - PristonBot - INFO - Health: 98.3% (Threshold: 50.0%)
2025-04-23 09:40:09,007 - PristonBot - INFO - Mana: 42.5% (Threshold: 50.0%)
2025-04-23 09:40:09,068 - PristonBot - INFO - Stamina: 24.7% (Threshold: 50.0%)
2025-04-23 09:40:09,649 - PristonBot - INFO - Health: 98.3% (Threshold: 50.0%)
2025-04-23 09:40:09,717 - PristonBot - INFO - Mana: 42.5% (Threshold: 50.0%)
2025-04-23 09:40:09,777 - PristonBot - INFO - Stamina: 20.4% (Threshold: 50.0%)
2025-04-23 09:40:09,780 - PristonBot - INFO - Stamina low (20.4%), using stamina potion (key 2)
2025-04-23 09:40:09,780 - PristonBot - INFO - Using stamina potion - SP: 20.4% < 50.0%
2025-04-23 09:40:09,781 - PristonBot - INFO - Sending key '2' (VK: 50) using SendInput
2025-04-23 09:40:10,408 - PristonBot - INFO - Health: 98.3% (Threshold: 50.0%)
2025-04-23 09:40:10,469 - PristonBot - INFO - Mana: 35.4% (Threshold: 50.0%)
2025-04-23 09:40:10,535 - PristonBot - INFO - Stamina: 20.4% (Threshold: 50.0%)
2025-04-23 09:40:11,115 - PristonBot - INFO - Health: 98.3% (Threshold: 50.0%)
2025-04-23 09:40:11,216 - PristonBot - INFO - Mana: 37.2% (Threshold: 50.0%)
2025-04-23 09:40:11,217 - PristonBot - INFO - Mana low (37.2%), using mana potion (key 3)
2025-04-23 09:40:11,217 - PristonBot - INFO - Using mana potion - MP: 37.2% < 50.0%
2025-04-23 09:40:11,217 - PristonBot - INFO - Sending key '3' (VK: 51) using SendInput
2025-04-23 09:40:11,343 - PristonBot - INFO - Stamina: 20.4% (Threshold: 50.0%)
2025-04-23 09:40:11,920 - PristonBot - INFO - Health: 98.3% (Threshold: 50.0%)
2025-04-23 09:40:11,984 - PristonBot - INFO - Mana: 37.2% (Threshold: 50.0%)
2025-04-23 09:40:12,044 - PristonBot - INFO - Stamina: 20.4% (Threshold: 50.0%)
2025-04-23 09:40:12,615 - PristonBot - INFO - Health: 98.3% (Threshold: 50.0%)
2025-04-23 09:40:12,694 - PristonBot - INFO - Mana: 31.0% (Threshold: 50.0%)
2025-04-23 09:40:12,766 - PristonBot - INFO - Stamina: 15.1% (Threshold: 50.0%)
2025-04-23 09:40:13,333 - PristonBot - INFO - Health: 98.3% (Threshold: 50.0%)
2025-04-23 09:40:13,401 - PristonBot - INFO - Mana: 31.0% (Threshold: 50.0%)
2025-04-23 09:40:13,468 - PristonBot - INFO - Stamina: 16.1% (Threshold: 50.0%)
2025-04-23 09:40:13,470 - PristonBot - INFO - Stamina low (16.1%), using stamina potion (key 2)
2025-04-23 09:40:13,471 - PristonBot - INFO - Using stamina potion - SP: 16.1% < 50.0%
2025-04-23 09:40:13,471 - PristonBot - INFO - Sending key '2' (VK: 50) using SendInput
2025-04-23 09:40:14,085 - PristonBot - INFO - Health: 98.3% (Threshold: 50.0%)
2025-04-23 09:40:14,151 - PristonBot - INFO - Mana: 24.8% (Threshold: 50.0%)
2025-04-23 09:40:14,225 - PristonBot - INFO - Stamina: 9.7% (Threshold: 50.0%)
2025-04-23 09:40:14,787 - PristonBot - INFO - Health: 98.3% (Threshold: 50.0%)
2025-04-23 09:40:14,851 - PristonBot - INFO - Mana: 25.7% (Threshold: 50.0%)
2025-04-23 09:40:14,851 - PristonBot - INFO - Mana low (25.7%), using mana potion (key 3)
2025-04-23 09:40:14,852 - PristonBot - INFO - Using mana potion - MP: 25.7% < 50.0%
2025-04-23 09:40:14,852 - PristonBot - INFO - Sending key '3' (VK: 51) using SendInput
2025-04-23 09:40:14,972 - PristonBot - INFO - Stamina: 10.8% (Threshold: 50.0%)
2025-04-23 09:40:15,544 - PristonBot - INFO - Health: 98.3% (Threshold: 50.0%)
2025-04-23 09:40:15,616 - PristonBot - INFO - Mana: 25.7% (Threshold: 50.0%)
2025-04-23 09:40:15,697 - PristonBot - INFO - Stamina: 10.8% (Threshold: 50.0%)
2025-04-23 09:40:16,279 - PristonBot - INFO - Health: 98.3% (Threshold: 50.0%)
2025-04-23 09:40:16,355 - PristonBot - INFO - Mana: 25.7% (Threshold: 50.0%)
2025-04-23 09:40:16,420 - PristonBot - INFO - Stamina: 11.8% (Threshold: 50.0%)
2025-04-23 09:40:16,998 - PristonBot - INFO - Health: 98.3% (Threshold: 50.0%)
2025-04-23 09:40:17,074 - PristonBot - INFO - Mana: 26.5% (Threshold: 50.0%)
2025-04-23 09:40:17,139 - PristonBot - INFO - Stamina: 12.9% (Threshold: 50.0%)
2025-04-23 09:40:17,140 - PristonBot - INFO - Stamina low (12.9%), using stamina potion (key 2)
2025-04-23 09:40:17,140 - PristonBot - INFO - Using stamina potion - SP: 12.9% < 50.0%
2025-04-23 09:40:17,140 - PristonBot - INFO - Sending key '2' (VK: 50) using SendInput
2025-04-23 09:40:17,758 - PristonBot - INFO - Health: 98.3% (Threshold: 50.0%)
2025-04-23 09:40:17,816 - PristonBot - INFO - Mana: 26.5% (Threshold: 50.0%)
2025-04-23 09:40:17,888 - PristonBot - INFO - Stamina: 15.1% (Threshold: 50.0%)
2025-04-23 09:40:18,454 - PristonBot - INFO - Health: 98.3% (Threshold: 50.0%)
2025-04-23 09:40:18,518 - PristonBot - INFO - Mana: 28.3% (Threshold: 50.0%)
2025-04-23 09:40:18,519 - PristonBot - INFO - Mana low (28.3%), using mana potion (key 3)
2025-04-23 09:40:18,520 - PristonBot - INFO - Using mana potion - MP: 28.3% < 50.0%
2025-04-23 09:40:18,520 - PristonBot - INFO - Sending key '3' (VK: 51) using SendInput
2025-04-23 09:40:18,636 - PristonBot - INFO - Stamina: 17.2% (Threshold: 50.0%)
2025-04-23 09:40:19,208 - PristonBot - INFO - Health: 98.3% (Threshold: 50.0%)
2025-04-23 09:40:19,275 - PristonBot - INFO - Mana: 28.3% (Threshold: 50.0%)
2025-04-23 09:40:19,333 - PristonBot - INFO - Stamina: 18.3% (Threshold: 50.0%)
2025-04-23 09:40:19,912 - PristonBot - INFO - Health: 98.3% (Threshold: 50.0%)
2025-04-23 09:40:19,999 - PristonBot - INFO - Mana: 29.2% (Threshold: 50.0%)
2025-04-23 09:40:20,073 - PristonBot - INFO - Stamina: 20.4% (Threshold: 50.0%)
2025-04-23 09:40:20,637 - PristonBot - INFO - Health: 98.3% (Threshold: 50.0%)
2025-04-23 09:40:20,709 - PristonBot - INFO - Mana: 29.2% (Threshold: 50.0%)
2025-04-23 09:40:20,791 - PristonBot - INFO - Stamina: 22.6% (Threshold: 50.0%)
2025-04-23 09:40:20,791 - PristonBot - INFO - Stamina low (22.6%), using stamina potion (key 2)
2025-04-23 09:40:20,792 - PristonBot - INFO - Using stamina potion - SP: 22.6% < 50.0%
2025-04-23 09:40:20,792 - PristonBot - INFO - Sending key '2' (VK: 50) using SendInput
2025-04-23 09:40:21,405 - PristonBot - INFO - Health: 98.3% (Threshold: 50.0%)
2025-04-23 09:40:21,481 - PristonBot - INFO - Mana: 30.1% (Threshold: 50.0%)
2025-04-23 09:40:21,559 - PristonBot - INFO - Stamina: 23.7% (Threshold: 50.0%)
2025-04-23 09:40:22,137 - PristonBot - INFO - Health: 98.3% (Threshold: 50.0%)
2025-04-23 09:40:22,213 - PristonBot - INFO - Mana: 30.1% (Threshold: 50.0%)
2025-04-23 09:40:22,215 - PristonBot - INFO - Mana low (30.1%), using mana potion (key 3)
2025-04-23 09:40:22,216 - PristonBot - INFO - Using mana potion - MP: 30.1% < 50.0%
2025-04-23 09:40:22,217 - PristonBot - INFO - Sending key '3' (VK: 51) using SendInput
2025-04-23 09:40:22,338 - PristonBot - INFO - Stamina: 24.7% (Threshold: 50.0%)
2025-04-23 09:40:22,909 - PristonBot - INFO - Health: 98.3% (Threshold: 50.0%)
2025-04-23 09:40:22,975 - PristonBot - INFO - Mana: 30.1% (Threshold: 50.0%)
2025-04-23 09:40:23,041 - PristonBot - INFO - Stamina: 26.9% (Threshold: 50.0%)
2025-04-23 09:40:23,481 - PristonBot - INFO - Stopping bot...
2025-04-23 09:40:24,494 - PristonBot - INFO - Bot thread joined
2025-04-23 09:40:24,495 - PristonBot - INFO - Bot stopped
2025-04-23 09:40:24,500 - PristonBot - INFO - Bot loop stopped
2025-04-23 09:40:27,328 - PristonBot - INFO - Starting selection: Health Bar
2025-04-23 09:40:34,682 - PristonBot - INFO - Detected vertical bar
2025-04-23 09:40:35,748 - PristonBot - INFO - Health Bar selection confirmed: (483, 792) to (491, 888)
2025-04-23 09:40:36,468 - PristonBot - INFO - Health Bar selected: (483,792) to (491,888)
2025-04-23 09:40:36,925 - PristonBot - INFO - Starting selection: Stamina Bar
2025-04-23 09:40:42,735 - PristonBot - INFO - Detected vertical bar
2025-04-23 09:40:43,731 - PristonBot - INFO - Stamina Bar selection confirmed: (782, 992) to (801, 1110)
2025-04-23 09:40:44,073 - PristonBot - INFO - Stamina Bar selected: (782,992) to (801,1110)
2025-04-23 09:40:45,021 - PristonBot - INFO - Starting selection: Stamina Bar
2025-04-23 09:40:49,521 - PristonBot - INFO - Detected vertical bar
2025-04-23 09:40:50,772 - PristonBot - INFO - Stamina Bar selection confirmed: (580, 1012) to (590, 1114)
2025-04-23 09:40:51,148 - PristonBot - INFO - Stamina Bar selected: (580,1012) to (590,1114)
2025-04-23 09:40:53,489 - PristonBot - INFO - Starting selection: Mana Bar
2025-04-23 09:40:59,029 - PristonBot - INFO - Detected vertical bar
2025-04-23 09:40:59,975 - PristonBot - INFO - Mana Bar selection confirmed: (627, 795) to (639, 888)
2025-04-23 09:41:00,627 - PristonBot - INFO - Mana Bar selected: (627,795) to (639,888)
2025-04-23 09:41:01,992 - PristonBot - INFO - Starting selection: Health Bar
2025-04-23 09:41:06,524 - PristonBot - INFO - Detected vertical bar
2025-04-23 09:41:07,858 - PristonBot - INFO - Health Bar selection confirmed: (605, 993) to (614, 1111)
2025-04-23 09:41:08,116 - PristonBot - INFO - Health Bar selected: (605,993) to (614,1111)
2025-04-23 09:41:09,363 - PristonBot - INFO - Starting selection: Mana Bar
2025-04-23 09:41:14,773 - PristonBot - INFO - Detected vertical bar
2025-04-23 09:41:16,016 - PristonBot - INFO - Mana Bar selection confirmed: (787, 994) to (800, 1108)
2025-04-23 09:41:16,508 - PristonBot - INFO - Mana Bar selected: (787,994) to (800,1108)
2025-04-23 09:41:19,005 - PristonBot - INFO - Starting bot...
2025-04-23 09:41:19,006 - PristonBot - INFO - Bot thread started
2025-04-23 09:41:19,007 - PristonBot - INFO - Bot started
2025-04-23 09:41:19,007 - PristonBot - INFO - Bot loop started
2025-04-23 09:41:19,081 - PristonBot - INFO - Health: 100.0% (Threshold: 50.0%)
2025-04-23 09:41:19,137 - PristonBot - INFO - Mana: 64.0% (Threshold: 50.0%)
2025-04-23 09:41:19,189 - PristonBot - INFO - Stamina: 96.1% (Threshold: 50.0%)
2025-04-23 09:41:19,768 - PristonBot - INFO - Health: 100.0% (Threshold: 50.0%)
2025-04-23 09:41:19,824 - PristonBot - INFO - Mana: 64.0% (Threshold: 50.0%)
2025-04-23 09:41:19,891 - PristonBot - INFO - Stamina: 96.1% (Threshold: 50.0%)
2025-04-23 09:41:20,531 - PristonBot - INFO - Health: 100.0% (Threshold: 50.0%)
2025-04-23 09:41:20,599 - PristonBot - INFO - Mana: 64.9% (Threshold: 50.0%)
2025-04-23 09:41:20,667 - PristonBot - INFO - Stamina: 96.1% (Threshold: 50.0%)
2025-04-23 09:41:21,238 - PristonBot - INFO - Health: 100.0% (Threshold: 50.0%)
2025-04-23 09:41:21,296 - PristonBot - INFO - Mana: 64.9% (Threshold: 50.0%)
2025-04-23 09:41:21,377 - PristonBot - INFO - Stamina: 96.1% (Threshold: 50.0%)
2025-04-23 09:41:21,961 - PristonBot - INFO - Health: 100.0% (Threshold: 50.0%)
2025-04-23 09:41:22,028 - PristonBot - INFO - Mana: 64.9% (Threshold: 50.0%)
2025-04-23 09:41:22,099 - PristonBot - INFO - Stamina: 96.1% (Threshold: 50.0%)
2025-04-23 09:41:22,676 - PristonBot - INFO - Health: 100.0% (Threshold: 50.0%)
2025-04-23 09:41:22,748 - PristonBot - INFO - Mana: 59.6% (Threshold: 50.0%)
2025-04-23 09:41:22,817 - PristonBot - INFO - Stamina: 88.2% (Threshold: 50.0%)
2025-04-23 09:41:23,390 - PristonBot - INFO - Health: 100.0% (Threshold: 50.0%)
2025-04-23 09:41:23,444 - PristonBot - INFO - Mana: 59.6% (Threshold: 50.0%)
2025-04-23 09:41:23,515 - PristonBot - INFO - Stamina: 90.2% (Threshold: 50.0%)
2025-04-23 09:41:24,097 - PristonBot - INFO - Health: 100.0% (Threshold: 50.0%)
2025-04-23 09:41:24,164 - PristonBot - INFO - Mana: 59.6% (Threshold: 50.0%)
2025-04-23 09:41:24,229 - PristonBot - INFO - Stamina: 90.2% (Threshold: 50.0%)
2025-04-23 09:41:24,800 - PristonBot - INFO - Health: 100.0% (Threshold: 50.0%)
2025-04-23 09:41:24,929 - PristonBot - INFO - Mana: 54.4% (Threshold: 50.0%)
2025-04-23 09:41:25,010 - PristonBot - INFO - Stamina: 82.4% (Threshold: 50.0%)
2025-04-23 09:41:25,596 - PristonBot - INFO - Health: 100.0% (Threshold: 50.0%)
2025-04-23 09:41:25,668 - PristonBot - INFO - Mana: 54.4% (Threshold: 50.0%)
2025-04-23 09:41:25,729 - PristonBot - INFO - Stamina: 82.4% (Threshold: 50.0%)
2025-04-23 09:41:26,308 - PristonBot - INFO - Health: 100.0% (Threshold: 50.0%)
2025-04-23 09:41:26,362 - PristonBot - INFO - Mana: 47.4% (Threshold: 50.0%)
2025-04-23 09:41:26,365 - PristonBot - INFO - Mana low (47.4%), using mana potion (key 3)
2025-04-23 09:41:26,365 - PristonBot - INFO - Using mana potion - MP: 47.4% < 50.0%
2025-04-23 09:41:26,365 - PristonBot - INFO - Sending key '3' (VK: 51) using SendInput
2025-04-23 09:41:26,494 - PristonBot - INFO - Stamina: 76.5% (Threshold: 50.0%)
2025-04-23 09:41:27,073 - PristonBot - INFO - Health: 100.0% (Threshold: 50.0%)
2025-04-23 09:41:27,149 - PristonBot - INFO - Mana: 49.1% (Threshold: 50.0%)
2025-04-23 09:41:27,220 - PristonBot - INFO - Stamina: 76.5% (Threshold: 50.0%)
2025-04-23 09:41:27,791 - PristonBot - INFO - Health: 100.0% (Threshold: 50.0%)
2025-04-23 09:41:27,847 - PristonBot - INFO - Mana: 42.1% (Threshold: 50.0%)
2025-04-23 09:41:27,931 - PristonBot - INFO - Stamina: 69.6% (Threshold: 50.0%)
2025-04-23 09:41:28,504 - PristonBot - INFO - Health: 100.0% (Threshold: 50.0%)
2025-04-23 09:41:28,569 - PristonBot - INFO - Mana: 43.0% (Threshold: 50.0%)
2025-04-23 09:41:28,633 - PristonBot - INFO - Stamina: 69.6% (Threshold: 50.0%)
2025-04-23 09:41:29,210 - PristonBot - INFO - Health: 100.0% (Threshold: 50.0%)
2025-04-23 09:41:29,285 - PristonBot - INFO - Mana: 43.0% (Threshold: 50.0%)
2025-04-23 09:41:29,355 - PristonBot - INFO - Stamina: 69.6% (Threshold: 50.0%)
2025-04-23 09:41:29,937 - PristonBot - INFO - Health: 100.0% (Threshold: 50.0%)
2025-04-23 09:41:30,001 - PristonBot - INFO - Mana: 36.8% (Threshold: 50.0%)
2025-04-23 09:41:30,002 - PristonBot - INFO - Mana low (36.8%), using mana potion (key 3)
2025-04-23 09:41:30,002 - PristonBot - INFO - Using mana potion - MP: 36.8% < 50.0%
2025-04-23 09:41:30,002 - PristonBot - INFO - Sending key '3' (VK: 51) using SendInput
2025-04-23 09:41:30,122 - PristonBot - INFO - Stamina: 62.7% (Threshold: 50.0%)
2025-04-23 09:41:30,692 - PristonBot - INFO - Health: 100.0% (Threshold: 50.0%)
2025-04-23 09:41:30,753 - PristonBot - INFO - Mana: 37.7% (Threshold: 50.0%)
2025-04-23 09:41:30,817 - PristonBot - INFO - Stamina: 62.7% (Threshold: 50.0%)
2025-04-23 09:41:31,394 - PristonBot - INFO - Health: 100.0% (Threshold: 50.0%)
2025-04-23 09:41:31,449 - PristonBot - INFO - Mana: 37.7% (Threshold: 50.0%)
2025-04-23 09:41:31,549 - PristonBot - INFO - Stamina: 63.7% (Threshold: 50.0%)
2025-04-23 09:41:32,144 - PristonBot - INFO - Health: 100.0% (Threshold: 50.0%)
2025-04-23 09:41:32,209 - PristonBot - INFO - Mana: 37.7% (Threshold: 50.0%)
2025-04-23 09:41:32,270 - PristonBot - INFO - Stamina: 57.8% (Threshold: 50.0%)
2025-04-23 09:41:32,844 - PristonBot - INFO - Health: 100.0% (Threshold: 50.0%)
2025-04-23 09:41:32,899 - PristonBot - INFO - Mana: 32.5% (Threshold: 50.0%)
2025-04-23 09:41:32,976 - PristonBot - INFO - Stamina: 57.8% (Threshold: 50.0%)
2025-04-23 09:41:33,550 - PristonBot - INFO - Health: 100.0% (Threshold: 50.0%)
2025-04-23 09:41:33,624 - PristonBot - INFO - Mana: 32.5% (Threshold: 50.0%)
2025-04-23 09:41:33,625 - PristonBot - INFO - Mana low (32.5%), using mana potion (key 3)
2025-04-23 09:41:33,625 - PristonBot - INFO - Using mana potion - MP: 32.5% < 50.0%
2025-04-23 09:41:33,625 - PristonBot - INFO - Sending key '3' (VK: 51) using SendInput
2025-04-23 09:41:33,755 - PristonBot - INFO - Stamina: 57.8% (Threshold: 50.0%)
2025-04-23 09:41:34,332 - PristonBot - INFO - Health: 100.0% (Threshold: 50.0%)
2025-04-23 09:41:34,408 - PristonBot - INFO - Mana: 25.4% (Threshold: 50.0%)
2025-04-23 09:41:34,472 - PristonBot - INFO - Stamina: 51.0% (Threshold: 50.0%)
2025-04-23 09:41:35,050 - PristonBot - INFO - Health: 100.0% (Threshold: 50.0%)
2025-04-23 09:41:35,120 - PristonBot - INFO - Mana: 27.2% (Threshold: 50.0%)
2025-04-23 09:41:35,198 - PristonBot - INFO - Stamina: 51.0% (Threshold: 50.0%)
2025-04-23 09:41:35,781 - PristonBot - INFO - Health: 100.0% (Threshold: 50.0%)
2025-04-23 09:41:35,861 - PristonBot - INFO - Mana: 20.2% (Threshold: 50.0%)
2025-04-23 09:41:35,921 - PristonBot - INFO - Stamina: 44.1% (Threshold: 50.0%)
2025-04-23 09:41:35,922 - PristonBot - INFO - Stamina low (44.1%), using stamina potion (key 2)
2025-04-23 09:41:35,923 - PristonBot - INFO - Using stamina potion - SP: 44.1% < 50.0%
2025-04-23 09:41:35,923 - PristonBot - INFO - Sending key '2' (VK: 50) using SendInput
2025-04-23 09:41:36,564 - PristonBot - INFO - Health: 100.0% (Threshold: 50.0%)
2025-04-23 09:41:36,648 - PristonBot - INFO - Mana: 21.1% (Threshold: 50.0%)
2025-04-23 09:41:36,720 - PristonBot - INFO - Stamina: 44.1% (Threshold: 50.0%)
2025-04-23 09:41:37,293 - PristonBot - INFO - Health: 100.0% (Threshold: 50.0%)
2025-04-23 09:41:37,359 - PristonBot - INFO - Mana: 15.8% (Threshold: 50.0%)
2025-04-23 09:41:37,360 - PristonBot - INFO - Mana low (15.8%), using mana potion (key 3)
2025-04-23 09:41:37,360 - PristonBot - INFO - Using mana potion - MP: 15.8% < 50.0%
2025-04-23 09:41:37,361 - PristonBot - INFO - Sending key '3' (VK: 51) using SendInput
2025-04-23 09:41:37,471 - PristonBot - INFO - Stamina: 38.2% (Threshold: 50.0%)
2025-04-23 09:41:38,047 - PristonBot - INFO - Health: 100.0% (Threshold: 50.0%)
2025-04-23 09:41:38,118 - PristonBot - INFO - Mana: 15.8% (Threshold: 50.0%)
2025-04-23 09:41:38,189 - PristonBot - INFO - Stamina: 38.2% (Threshold: 50.0%)
2025-04-23 09:41:38,761 - PristonBot - INFO - Health: 100.0% (Threshold: 50.0%)
2025-04-23 09:41:38,820 - PristonBot - INFO - Mana: 15.8% (Threshold: 50.0%)
2025-04-23 09:41:38,891 - PristonBot - INFO - Stamina: 38.2% (Threshold: 50.0%)
2025-04-23 09:41:39,462 - PristonBot - INFO - Health: 100.0% (Threshold: 50.0%)
2025-04-23 09:41:39,524 - PristonBot - INFO - Mana: 10.5% (Threshold: 50.0%)
2025-04-23 09:41:39,591 - PristonBot - INFO - Stamina: 32.4% (Threshold: 50.0%)
2025-04-23 09:41:39,592 - PristonBot - INFO - Stamina low (32.4%), using stamina potion (key 2)
2025-04-23 09:41:39,592 - PristonBot - INFO - Using stamina potion - SP: 32.4% < 50.0%
2025-04-23 09:41:39,592 - PristonBot - INFO - Sending key '2' (VK: 50) using SendInput
2025-04-23 09:41:40,212 - PristonBot - INFO - Stopping bot...
2025-04-23 09:41:41,218 - PristonBot - INFO - Bot thread joined
2025-04-23 09:41:41,221 - PristonBot - INFO - Health: 100.0% (Threshold: 50.0%)
2025-04-23 09:41:41,304 - PristonBot - INFO - Mana: 10.5% (Threshold: 50.0%)
2025-04-23 09:41:41,370 - PristonBot - INFO - Stamina: 33.3% (Threshold: 50.0%)
2025-04-23 09:41:41,872 - PristonBot - INFO - Bot stopped
2025-04-23 09:41:41,872 - PristonBot - INFO - Bot loop stopped
2025-04-23 09:45:06,276 - PristonBot - ERROR - Unhandled exception
Traceback (most recent call last):
  File "C:\repositories\microsoft\system.py", line 143, in <module>
    main()
  File "C:\repositories\microsoft\system.py", line 129, in main
    root.mainloop()
  File "C:\Users\Joaop\AppData\Local\Programs\Python\Python312\Lib\tkinter\__init__.py", line 1505, in mainloop
    self.tk.mainloop(n)
KeyboardInterrupt
