2025-04-23 14:10:33,566 - PristonBot - INFO - Logging initialized
2025-04-23 14:10:33,566 - PristonBot - INFO - Starting Priston Tale Potion Bot application
2025-04-23 14:10:33,614 - PristonBot - INFO - Icon file not found
2025-04-23 14:10:33,614 - PristonBot - INFO - Initializing Priston Tale Potion Bot
2025-04-23 14:10:33,632 - PristonBot - INFO - Bot GUI initialized successfully
2025-04-23 14:10:33,632 - PristonBot - INFO - Configuration loaded from file
2025-04-23 14:10:33,633 - PristonBot - INFO - Selection configured from saved coordinates: (261,74) to (1541,1071)
2025-04-23 14:10:33,634 - PristonBot - INFO - Loaded game window configuration: (261,74) to (1541,1071)
2025-04-23 14:10:33,702 - PristonBot - INFO - Created preview image for game window
2025-04-23 14:10:33,717 - PristonBot - INFO - Game window selected: (261,74) to (1541,1071)
2025-04-23 14:10:33,717 - PristonBot - INFO - Health Bar configured from saved coordinates: (665,945) to (675,1060)
2025-04-23 14:10:33,717 - PristonBot - INFO - Loaded health bar configuration: (665,945) to (675,1060)
2025-04-23 14:10:33,779 - PristonBot - INFO - Created preview image for health bar
2025-04-23 14:10:33,780 - PristonBot - INFO - Mana Bar configured from saved coordinates: (846,944) to (858,1063)
2025-04-23 14:10:33,781 - PristonBot - INFO - Loaded mana bar configuration: (846,944) to (858,1063)
2025-04-23 14:10:33,849 - PristonBot - INFO - Created preview image for mana bar
2025-04-23 14:10:33,849 - PristonBot - INFO - Stamina Bar configured from saved coordinates: (643,968) to (648,1057)
2025-04-23 14:10:33,850 - PristonBot - INFO - Loaded stamina bar configuration: (643,968) to (648,1057)
2025-04-23 14:10:33,920 - PristonBot - INFO - Created preview image for stamina bar
2025-04-23 14:10:33,923 - PristonBot - INFO - Loaded 3/3 bars from saved configuration
2025-04-23 14:10:33,924 - PristonBot - INFO - Loaded 3/3 bars from saved configuration
2025-04-23 14:10:33,925 - PristonBot - INFO - Loaded saved configuration
2025-04-23 14:10:33,929 - PristonBot - INFO - Health Bar selected: (665,945) to (675,1060)
2025-04-23 14:10:33,931 - PristonBot - INFO - Mana Bar selected: (846,944) to (858,1063)
2025-04-23 14:10:33,933 - PristonBot - INFO - Stamina Bar selected: (643,968) to (648,1057)
2025-04-23 14:10:33,942 - PristonBot - INFO - Game window selected: (261,74) to (1541,1071)
2025-04-23 14:10:33,943 - PristonBot - INFO - All bars configured! You can now start the bot.
2025-04-23 14:10:33,943 - PristonBot - INFO - All bars configured, start button enabled
2025-04-23 14:10:33,944 - PristonBot - INFO - Bot GUI initialized
2025-04-23 14:10:33,945 - PristonBot - INFO - Application started successfully
2025-04-23 14:10:33,945 - PristonBot - INFO - Step 1: Select your Health, Mana, and Stamina bars
2025-04-23 14:10:33,947 - PristonBot - INFO - Step 2: Configure thresholds and keys
2025-04-23 14:10:33,948 - PristonBot - INFO - Step 3: Configure spell casting (optional)
2025-04-23 14:10:33,949 - PristonBot - INFO - Step 4: Click Start Bot to begin monitoring
2025-04-23 14:10:34,447 - PristonBot - INFO - Game window selected: (261,74) to (1541,1071)
2025-04-23 14:10:34,448 - PristonBot - INFO - Health Bar selected: (665,945) to (675,1060)
2025-04-23 14:10:34,449 - PristonBot - INFO - Mana Bar selected: (846,944) to (858,1063)
2025-04-23 14:10:34,450 - PristonBot - INFO - Stamina Bar selected: (643,968) to (648,1057)
2025-04-23 14:10:34,638 - PristonBot - INFO - Health Bar selected: (665,945) to (675,1060)
2025-04-23 14:10:34,639 - PristonBot - INFO - Mana Bar selected: (846,944) to (858,1063)
2025-04-23 14:10:34,641 - PristonBot - INFO - Stamina Bar selected: (643,968) to (648,1057)
2025-04-23 14:10:38,179 - PristonBot - INFO - Configuration loaded from file
2025-04-23 14:10:38,179 - PristonBot - INFO - Saved game window configuration
2025-04-23 14:10:38,179 - PristonBot - INFO - Saved health bar configuration
2025-04-23 14:10:38,180 - PristonBot - INFO - Saved mana bar configuration
2025-04-23 14:10:38,180 - PristonBot - INFO - Saved stamina bar configuration
2025-04-23 14:10:38,181 - PristonBot - INFO - Configuration saved to file
2025-04-23 14:10:38,182 - PristonBot - INFO - Configuration saved successfully
2025-04-23 14:10:38,183 - PristonBot - INFO - Configuration saved successfully
2025-04-23 14:10:38,183 - PristonBot - INFO - Starting bot...
2025-04-23 14:10:38,184 - PristonBot - INFO - Bot thread started
2025-04-23 14:10:38,185 - PristonBot - INFO - Bot started
2025-04-23 14:10:38,185 - PristonBot - INFO - Bot loop started
2025-04-23 14:10:38,190 - PristonBot - INFO - Auto spellcasting enabled with key F2 at 2.5s interval
2025-04-23 14:10:38,191 - PristonBot - INFO - Spellcasting enabled: Key=F2, Interval=2.5s
2025-04-23 14:10:38,365 - PristonBot - INFO - Health: 100.0% | Mana: 100.0% | Stamina: 100.0%
2025-04-23 14:10:38,366 - PristonBot - INFO - Casting spell (F2)
2025-04-23 14:10:38,366 - PristonBot - INFO - Casting spell with key F2
2025-04-23 14:10:38,367 - PristonBot - INFO - Sending key 'F2' (VK: 113) using SendInput
2025-04-23 14:10:38,519 - PristonBot - INFO - Attempting SendInput right-click
2025-04-23 14:10:38,585 - PristonBot - INFO - SendInput right-click succeeded
2025-04-23 14:10:39,349 - PristonBot - INFO - Health: 100.0% | Mana: 100.0% | Stamina: 100.0%
2025-04-23 14:10:40,118 - PristonBot - INFO - Health: 100.0% | Mana: 100.0% | Stamina: 100.0%
2025-04-23 14:10:40,858 - PristonBot - INFO - Health: 100.0% | Mana: 100.0% | Stamina: 100.0%
2025-04-23 14:10:41,587 - PristonBot - INFO - Health: 100.0% | Mana: 93.3% | Stamina: 93.3%
2025-04-23 14:10:41,588 - PristonBot - INFO - Casting spell (F2)
2025-04-23 14:10:41,588 - PristonBot - INFO - Casting spell with key F2
2025-04-23 14:10:41,588 - PristonBot - INFO - Sending key 'F2' (VK: 113) using SendInput
2025-04-23 14:10:41,740 - PristonBot - INFO - Attempting SendInput right-click
2025-04-23 14:10:41,802 - PristonBot - INFO - SendInput right-click succeeded
2025-04-23 14:10:42,502 - PristonBot - INFO - Health: 100.0% | Mana: 94.1% | Stamina: 93.3%
2025-04-23 14:10:43,205 - PristonBot - INFO - Health: 100.0% | Mana: 95.0% | Stamina: 93.3%
2025-04-23 14:10:43,884 - PristonBot - INFO - Health: 100.0% | Mana: 89.1% | Stamina: 86.5%
2025-04-23 14:10:44,587 - PristonBot - INFO - Health: 100.0% | Mana: 89.9% | Stamina: 86.5%
2025-04-23 14:10:44,588 - PristonBot - INFO - Casting spell (F2)
2025-04-23 14:10:44,588 - PristonBot - INFO - Casting spell with key F2
2025-04-23 14:10:44,588 - PristonBot - INFO - Sending key 'F2' (VK: 113) using SendInput
2025-04-23 14:10:44,739 - PristonBot - INFO - Attempting SendInput right-click
2025-04-23 14:10:44,791 - PristonBot - INFO - SendInput right-click succeeded
2025-04-23 14:10:45,526 - PristonBot - INFO - Health: 100.0% | Mana: 83.2% | Stamina: 79.8%
2025-04-23 14:10:46,286 - PristonBot - INFO - Health: 100.0% | Mana: 83.2% | Stamina: 79.8%
2025-04-23 14:10:47,044 - PristonBot - INFO - Health: 100.0% | Mana: 84.9% | Stamina: 79.8%
2025-04-23 14:10:47,761 - PristonBot - INFO - Health: 100.0% | Mana: 84.9% | Stamina: 80.9%
2025-04-23 14:10:47,761 - PristonBot - INFO - Casting spell (F2)
2025-04-23 14:10:47,762 - PristonBot - INFO - Casting spell with key F2
2025-04-23 14:10:47,762 - PristonBot - INFO - Sending key 'F2' (VK: 113) using SendInput
2025-04-23 14:10:47,913 - PristonBot - INFO - Attempting SendInput right-click
2025-04-23 14:10:47,971 - PristonBot - INFO - SendInput right-click succeeded
2025-04-23 14:10:48,732 - PristonBot - INFO - Health: 100.0% | Mana: 85.7% | Stamina: 84.3%
2025-04-23 14:10:49,513 - PristonBot - INFO - Health: 100.0% | Mana: 85.7% | Stamina: 85.4%
2025-04-23 14:10:50,131 - PristonBot - INFO - Stopping bot...
2025-04-23 14:10:51,138 - PristonBot - INFO - Bot thread joined
2025-04-23 14:10:51,141 - PristonBot - INFO - Configuration loaded from file
2025-04-23 14:10:51,142 - PristonBot - INFO - Saved game window configuration
2025-04-23 14:10:51,142 - PristonBot - INFO - Saved health bar configuration
2025-04-23 14:10:51,142 - PristonBot - INFO - Saved mana bar configuration
2025-04-23 14:10:51,143 - PristonBot - INFO - Saved stamina bar configuration
2025-04-23 14:10:51,144 - PristonBot - INFO - Configuration saved to file
2025-04-23 14:10:51,145 - PristonBot - INFO - Configuration saved successfully
2025-04-23 14:10:51,145 - PristonBot - INFO - Configuration saved successfully
2025-04-23 14:10:51,146 - PristonBot - INFO - Health: 100.0% | Mana: 85.7% | Stamina: 86.5%
2025-04-23 14:10:51,647 - PristonBot - INFO - Bot stopped
2025-04-23 14:10:51,648 - PristonBot - INFO - Bot loop stopped
2025-04-23 14:11:55,453 - PristonBot - INFO - Configuration loaded from file
2025-04-23 14:11:55,453 - PristonBot - INFO - Saved game window configuration
2025-04-23 14:11:55,453 - PristonBot - INFO - Saved health bar configuration
2025-04-23 14:11:55,454 - PristonBot - INFO - Saved mana bar configuration
2025-04-23 14:11:55,454 - PristonBot - INFO - Saved stamina bar configuration
2025-04-23 14:11:55,455 - PristonBot - INFO - Configuration saved to file
2025-04-23 14:11:55,455 - PristonBot - INFO - Configuration saved successfully
2025-04-23 14:11:55,456 - PristonBot - INFO - Configuration saved successfully
2025-04-23 14:11:55,456 - PristonBot - INFO - Configuration saved on exit
